Vivado Simulator 2018.3
Copyright 1986-1999, 2001-2018 Xilinx, Inc. All Rights Reserved.
Running: C:/Xilinx/Vivado/2018.3/bin/unwrapped/win64.o/xelab.exe -wto 12757101bed2449088befc55b0468258 --incr --debug typical --relax --mt 2 -L xil_defaultlib -L secureip --snapshot main_func_impl xil_defaultlib.main -log elaborate.log 
Using 2 slave threads.
Starting static elaboration
Completed static elaboration
Starting simulation data flow analysis
Completed simulation data flow analysis
Time Resolution for simulation is 1ps
Compiling package std.standard
Compiling package std.textio
Compiling package ieee.std_logic_1164
Compiling package ieee.numeric_std
Compiling package unisim.vcomponents
Compiling package ieee.vital_timing
Compiling package ieee.vital_primitives
Compiling package unisim.vpkg
Compiling architecture lut5_v of entity unisim.LUT5 [\LUT5(init="01010101010101010001...]
Compiling architecture lut5_v of entity unisim.LUT5 [\LUT5(init="11111111111101100110...]
Compiling architecture lut4_v of entity unisim.LUT4 [\LUT4(init="1110111111111110")(0...]
Compiling architecture lut5_v of entity unisim.LUT5 [\LUT5(init="10000000000000000000...]
Compiling architecture lut6_v of entity unisim.LUT6 [\LUT6(init="10111100001111000011...]
Compiling architecture lut6_v of entity unisim.LUT6 [\LUT6(init="00000000000000000000...]
Compiling architecture lut6_v of entity unisim.LUT6 [\LUT6(init="01010101010101010101...]
Compiling architecture lut6_v of entity unisim.LUT6 [\LUT6(init="01100110011001100110...]
Compiling architecture lut5_v of entity unisim.LUT5 [\LUT5(init="01010100010101010101...]
Compiling architecture lut6_v of entity unisim.LUT6 [\LUT6(init="10101010101010101010...]
Compiling architecture lut5_v of entity unisim.LUT5 [\LUT5(init="00000000010000000000...]
Compiling architecture lut5_v of entity unisim.LUT5 [\LUT5(init="00000000000000000110...]
Compiling architecture lut5_v of entity unisim.LUT5 [\LUT5(init="01010101010101010100...]
Compiling architecture lut6_v of entity unisim.LUT6 [\LUT6(init="00100000001000001000...]
Compiling architecture lut3_v of entity unisim.LUT3 [\LUT3(init="10100010")(0,7)\]
Compiling architecture lut6_v of entity unisim.LUT6 [\LUT6(init="10101010101010100000...]
Compiling architecture lut4_v of entity unisim.LUT4 [\LUT4(init="0101010001000100")(0...]
Compiling architecture lut6_v of entity unisim.LUT6 [\LUT6(init="10100000000000000000...]
Compiling architecture lut6_v of entity unisim.LUT6 [\LUT6(init="11111111111111111111...]
Compiling architecture lut1_v of entity unisim.LUT1 [\LUT1(init="0001")(0,3)\]
Compiling architecture lut6_v of entity unisim.LUT6 [\LUT6(init="00000000111111110000...]
Compiling architecture lut5_v of entity unisim.LUT5 [\LUT5(init="00000000000000000000...]
Compiling architecture lut4_v of entity unisim.LUT4 [\LUT4(init="1101111111111111")(0...]
Compiling architecture fdre_v of entity unisim.FDRE [fdre_default]
Compiling architecture muxf7_v of entity unisim.MUXF7 [muxf7_default]
Compiling architecture obuf_v of entity unisim.OBUF [\OBUF(1,9)(1,7)(1,4)\]
Compiling architecture lut6_v of entity unisim.LUT6 [\LUT6(init="00000000000000000010...]
Compiling architecture lut4_v of entity unisim.LUT4 [\LUT4(init="0000000000001101")(0...]
Compiling architecture lut2_v of entity unisim.LUT2 [\LUT2(init="1011")(0,3)\]
Compiling architecture bufg_v of entity unisim.BUFG [bufg_default]
Compiling architecture ibuf_v of entity unisim.IBUF [\IBUF(1,9)(1,1)(1,4)(1,7)\]
Compiling architecture lut5_v of entity unisim.LUT5 [\LUT5(init="00101111111111110010...]
Compiling architecture lut4_v of entity unisim.LUT4 [\LUT4(init="0100010000110000")(0...]
Compiling architecture lut2_v of entity unisim.LUT2 [\LUT2(init="0010")(0,3)\]
Compiling architecture lut2_v of entity unisim.LUT2 [\LUT2(init="1000")(0,3)\]
Compiling architecture lut6_v of entity unisim.LUT6 [\LUT6(init="00000000000000000000...]
Compiling architecture lut2_v of entity unisim.LUT2 [\LUT2(init="1110")(0,3)\]
Compiling architecture carry4_v of entity unisim.CARRY4 [carry4_default]
Compiling architecture lut4_v of entity unisim.LUT4 [\LUT4(init="0000000010110000")(0...]
Compiling architecture lut4_v of entity unisim.LUT4 [\LUT4(init="1000101000000000")(0...]
Compiling architecture lut4_v of entity unisim.LUT4 [\LUT4(init="1011110010000000")(0...]
Compiling architecture lut6_v of entity unisim.LUT6 [\LUT6(init="00000000000000000000...]
Compiling architecture lut6_v of entity unisim.LUT6 [\LUT6(init="11111111111111111111...]
Compiling architecture lut2_v of entity unisim.LUT2 [\LUT2(init="0001")(0,3)\]
Compiling architecture lut4_v of entity unisim.LUT4 [\LUT4(init="0000001010000000")(0...]
Compiling architecture lut6_v of entity unisim.LUT6 [\LUT6(init="00000000000000000000...]
Compiling architecture lut4_v of entity unisim.LUT4 [\LUT4(init="1011100000000000")(0...]
Compiling architecture lut6_v of entity unisim.LUT6 [\LUT6(init="01000100000000000000...]
Compiling architecture lut5_v of entity unisim.LUT5 [\LUT5(init="00000000000000000000...]
Compiling architecture lut2_v of entity unisim.LUT2 [\LUT2(init="1001")(0,3)\]
Compiling architecture lut2_v of entity unisim.LUT2 [\LUT2(init="0110")(0,3)\]
Compiling architecture lut6_v of entity unisim.LUT6 [\LUT6(init="11111111111111111111...]
Compiling architecture lut3_v of entity unisim.LUT3 [\LUT3(init="01110000")(0,7)\]
Compiling architecture lut3_v of entity unisim.LUT3 [\LUT3(init="00000100")(0,7)\]
Compiling architecture lut3_v of entity unisim.LUT3 [\LUT3(init="00001001")(0,7)\]
Compiling architecture lut3_v of entity unisim.LUT3 [\LUT3(init="10000001")(0,7)\]
Compiling architecture lut4_v of entity unisim.LUT4 [\LUT4(init="1111111111111110")(0...]
Compiling architecture lut6_v of entity unisim.LUT6 [\LUT6(init="11111111111111111011...]
Compiling architecture lut4_v of entity unisim.LUT4 [\LUT4(init="1001000000001001")(0...]
Compiling architecture lut4_v of entity unisim.LUT4 [\LUT4(init="0010111100000010")(0...]
Compiling architecture lut6_v of entity unisim.LUT6 [\LUT6(init="11111111111111111111...]
Compiling architecture lut4_v of entity unisim.LUT4 [\LUT4(init="0111111111111111")(0...]
Compiling architecture structure of entity xil_defaultlib.main
Built simulation snapshot main_func_impl
